<?xml version="1.0" encoding="UTF-8"?>
<!-- Generated by org.testng.reporters.JUnitReportReporter -->
<testsuite hostname="PF1KYF2E" failures="0" tests="1" name="heroku.api.ApiPlayerFirstNameTest" time="17.369" errors="0" timestamp="2022-12-16T09:15:35 CET" skipped="0">
  <testcase classname="heroku.api.ApiPlayerFirstNameTest" name="APIGivesCorrectDataFirstNamePlayer" time="17.369"/>
  <system-out/>
</testsuite> <!-- heroku.api.ApiPlayerFirstNameTest -->
