<?xml version="1.0" encoding="UTF-8"?>
<!-- Generated by org.testng.reporters.JUnitReportReporter -->
<testsuite hostname="PF1KYF2E" failures="0" tests="3" name="heroku.system.visual.ImageVisibleTest" time="17.425" errors="0" timestamp="2022-12-16T09:15:35 CET" skipped="0">
  <testcase classname="heroku.system.visual.ImageVisibleTest" name="homePageContainsLogoTest" time="6.214"/>
  <system-out/>
  <testcase classname="heroku.system.visual.ImageVisibleTest" name="spelersPageContainsLogoTest" time="5.256"/>
  <system-out/>
  <testcase classname="heroku.system.visual.ImageVisibleTest" name="registerPageContainsLogoTest" time="5.955"/>
  <system-out/>
</testsuite> <!-- heroku.system.visual.ImageVisibleTest -->
