<?xml version="1.0" encoding="UTF-8"?>
<!-- Generated by org.testng.reporters.JUnitReportReporter -->
<testsuite hostname="PF1KYF2E" failures="0" tests="1" name="heroku.api.ApiTest" time="12.453" errors="0" timestamp="2022-12-09T13:54:44 CET" skipped="0">
  <testcase classname="heroku.api.ApiTest" name="APIGivesCorrectData" time="12.453"/>
  <system-out/>
</testsuite> <!-- heroku.api.ApiTest -->
