<?xml version="1.0" encoding="UTF-8"?>
<!-- Generated by org.testng.reporters.JUnitReportReporter -->
<testsuite hostname="PF1KYF2E" failures="0" tests="4" name="heroku.system.navigate.NavigateTests" time="27.765" errors="0" timestamp="2022-12-16T09:15:35 CET" skipped="0">
  <testcase classname="heroku.system.navigate.NavigateTests" name="navFromHomeToRegisterPageTest" time="6.462"/>
  <system-out/>
  <testcase classname="heroku.system.navigate.NavigateTests" name="navFromHomeToSpelersPageToDetailPageSpelerTest" time="10.490"/>
  <system-out/>
  <testcase classname="heroku.system.navigate.NavigateTests" name="navFromHomeToSpelersPageTest" time="5.016"/>
  <system-out/>
  <testcase classname="heroku.system.navigate.NavigateTests" name="navFromRegisterToHomePageTest" time="5.797"/>
  <system-out/>
</testsuite> <!-- heroku.system.navigate.NavigateTests -->
