<?xml version="1.0" encoding="UTF-8"?>
<!-- Generated by org.testng.reporters.JUnitReportReporter -->
<testsuite hostname="PF1KYF2E" failures="0" tests="1" name="heroku.api.ApiPlayerStrongFootTest" time="6.098" errors="0" timestamp="2022-12-15T14:19:30 CET" skipped="0">
  <testcase classname="heroku.api.ApiPlayerStrongFootTest" name="getPlayerPosition" time="6.098"/>
  <system-out/>
</testsuite> <!-- heroku.api.ApiPlayerStrongFootTest -->
