<?xml version="1.0" encoding="UTF-8"?>
<!-- Generated by org.testng.reporters.JUnitReportReporter -->
<testsuite hostname="PF1KYF2E" failures="0" tests="1" name="heroku.api.ApiPlayerNameTest" time="10.698" errors="0" timestamp="2022-12-15T09:37:07 CET" skipped="0">
  <testcase classname="heroku.api.ApiPlayerNameTest" name="APIGivesCorrectData" time="10.698"/>
  <system-out/>
</testsuite> <!-- heroku.api.ApiPlayerNameTest -->
